
**** Build of configuration Debug for project tirtos_irgeneration_lp ****

"D:\\CCS7.0\\ccsv7\\utils\\bin\\gmake" -k -j 4 all -O 
making ../src/sysbios/sysbios.aem3 ...
gmake[1]: Nothing to be done for 'all'.
'Building file: ../irgeneration-main.c'
'Invoking: ARM Compiler'
"D:/CCS7.0/ccsv7/tools/compiler/ti-cgt-arm_16.9.0.LTS/bin/armcl" -mv7M3 --code_state=16 -me --include_path="C:/ti/tirtos_cc13xx_cc26xx_2_20_01_08/products/cc26xxware_2_24_02_17393" --include_path="C:/Users/csxwin/workspace_v7/tirtos_irgeneration_lp" --include_path="D:/CCS7.0/ccsv7/tools/compiler/ti-cgt-arm_16.9.0.LTS/include" --define=CC26XXWARE -g --gcc --diag_warning=225 --diag_warning=255 --diag_wrap=off --display_error_number --gen_func_subsections=on --abi=eabi --preproc_with_compile --preproc_dependency="irgeneration-main.d" --cmd_file="configPkg/compiler.opt" "../irgeneration-main.c"
'Finished building: ../irgeneration-main.c'
' '
making ../src/sysbios/sysbios.aem3 ...
gmake[2]: Nothing to be done for 'all'.
'Building target: tirtos_irgeneration_lp.out'
'Invoking: ARM Linker'
"D:/CCS7.0/ccsv7/tools/compiler/ti-cgt-arm_16.9.0.LTS/bin/armcl" -mv7M3 --code_state=16 -me --define=CC26XXWARE -g --gcc --diag_warning=225 --diag_warning=255 --diag_wrap=off --display_error_number --gen_func_subsections=on --abi=eabi -z -m"tirtos_irgeneration_lp.map" --heap_size=0 --stack_size=256 -i"D:/CCS7.0/ccsv7/tools/compiler/ti-cgt-arm_16.9.0.LTS/lib" -i"D:/CCS7.0/ccsv7/tools/compiler/ti-cgt-arm_16.9.0.LTS/include" --reread_libs --diag_wrap=off --display_error_number --warn_sections --xml_link_info="tirtos_irgeneration_lp_linkInfo.xml" --rom_model -o "tirtos_irgeneration_lp.out" "./CC2650_LAUNCHXL.obj" "./IRGENCC26XX.obj" "./ccfg.obj" "./irgeneration-main.obj" "../cc26x0f128.cmd" -l"configPkg/linker.cmd" -l"C:/ti/tirtos_cc13xx_cc26xx_2_20_01_08/products/cc26xxware_2_24_02_17393/driverlib/bin/ccs/driverlib.lib" -llibc.a 
<Linking>
'Finished building target: tirtos_irgeneration_lp.out'
' '

**** Build Finished ****

**** Build of configuration Debug for project tirtos_irgeneration_lp ****

"D:\\CCS7.0\\ccsv7\\utils\\bin\\gmake" -k -j 4 all -O 
making ../src/sysbios/sysbios.aem3 ...
gmake[1]: Nothing to be done for 'all'.
making ../src/sysbios/sysbios.aem3 ...
gmake[2]: Nothing to be done for 'all'.

**** Build Finished ****
